<!DOCTYPE html>
<html>
  <head>
    <meta charset="utf-8"/>
    <title>myreport_headless1.html</title>
    <link href="assets/style.css" rel="stylesheet" type="text/css"/></head>
  <body onLoad="init()">
    <script>/* This Source Code Form is subject to the terms of the Mozilla Public
 * License, v. 2.0. If a copy of the MPL was not distributed with this file,
 * You can obtain one at http://mozilla.org/MPL/2.0/. */


function toArray(iter) {
    if (iter === null) {
        return null;
    }
    return Array.prototype.slice.call(iter);
}

function find(selector, elem) { // eslint-disable-line no-redeclare
    if (!elem) {
        elem = document;
    }
    return elem.querySelector(selector);
}

function findAll(selector, elem) {
    if (!elem) {
        elem = document;
    }
    return toArray(elem.querySelectorAll(selector));
}

function sortColumn(elem) {
    toggleSortStates(elem);
    const colIndex = toArray(elem.parentNode.childNodes).indexOf(elem);
    let key;
    if (elem.classList.contains('result')) {
        key = keyResult;
    } else if (elem.classList.contains('links')) {
        key = keyLink;
    } else {
        key = keyAlpha;
    }
    sortTable(elem, key(colIndex));
}

function showAllExtras() { // eslint-disable-line no-unused-vars
    findAll('.col-result').forEach(showExtras);
}

function hideAllExtras() { // eslint-disable-line no-unused-vars
    findAll('.col-result').forEach(hideExtras);
}

function showExtras(colresultElem) {
    const extras = colresultElem.parentNode.nextElementSibling;
    const expandcollapse = colresultElem.firstElementChild;
    extras.classList.remove('collapsed');
    expandcollapse.classList.remove('expander');
    expandcollapse.classList.add('collapser');
}

function hideExtras(colresultElem) {
    const extras = colresultElem.parentNode.nextElementSibling;
    const expandcollapse = colresultElem.firstElementChild;
    extras.classList.add('collapsed');
    expandcollapse.classList.remove('collapser');
    expandcollapse.classList.add('expander');
}

function showFilters() {
    let visibleString = getQueryParameter('visible') || 'all';
    visibleString = visibleString.toLowerCase();
    const checkedItems = visibleString.split(',');

    const filterItems = document.getElementsByClassName('filter');
    for (let i = 0; i < filterItems.length; i++) {
        filterItems[i].hidden = false;

        if (visibleString != 'all') {
            filterItems[i].checked = checkedItems.includes(filterItems[i].getAttribute('data-test-result'));
            filterTable(filterItems[i]);
        }
    }
}

function addCollapse() {
    // Add links for show/hide all
    const resulttable = find('table#results-table');
    const showhideall = document.createElement('p');
    showhideall.innerHTML = '<a href="javascript:showAllExtras()">Show all details</a> / ' +
                            '<a href="javascript:hideAllExtras()">Hide all details</a>';
    resulttable.parentElement.insertBefore(showhideall, resulttable);

    // Add show/hide link to each result
    findAll('.col-result').forEach(function(elem) {
        const collapsed = getQueryParameter('collapsed') || 'Passed';
        const extras = elem.parentNode.nextElementSibling;
        const expandcollapse = document.createElement('span');
        if (extras.classList.contains('collapsed')) {
            expandcollapse.classList.add('expander');
        } else if (collapsed.includes(elem.innerHTML)) {
            extras.classList.add('collapsed');
            expandcollapse.classList.add('expander');
        } else {
            expandcollapse.classList.add('collapser');
        }
        elem.appendChild(expandcollapse);

        elem.addEventListener('click', function(event) {
            if (event.currentTarget.parentNode.nextElementSibling.classList.contains('collapsed')) {
                showExtras(event.currentTarget);
            } else {
                hideExtras(event.currentTarget);
            }
        });
    });
}

function getQueryParameter(name) {
    const match = RegExp('[?&]' + name + '=([^&]*)').exec(window.location.search);
    return match && decodeURIComponent(match[1].replace(/\+/g, ' '));
}

function init () { // eslint-disable-line no-unused-vars
    resetSortHeaders();

    addCollapse();

    showFilters();

    sortColumn(find('.initial-sort'));

    findAll('.sortable').forEach(function(elem) {
        elem.addEventListener('click',
            function() {
                sortColumn(elem);
            }, false);
    });
}

function sortTable(clicked, keyFunc) {
    const rows = findAll('.results-table-row');
    const reversed = !clicked.classList.contains('asc');
    const sortedRows = sort(rows, keyFunc, reversed);
    /* Whole table is removed here because browsers acts much slower
     * when appending existing elements.
     */
    const thead = document.getElementById('results-table-head');
    document.getElementById('results-table').remove();
    const parent = document.createElement('table');
    parent.id = 'results-table';
    parent.appendChild(thead);
    sortedRows.forEach(function(elem) {
        parent.appendChild(elem);
    });
    document.getElementsByTagName('BODY')[0].appendChild(parent);
}

function sort(items, keyFunc, reversed) {
    const sortArray = items.map(function(item, i) {
        return [keyFunc(item), i];
    });

    sortArray.sort(function(a, b) {
        const keyA = a[0];
        const keyB = b[0];

        if (keyA == keyB) return 0;

        if (reversed) {
            return keyA < keyB ? 1 : -1;
        } else {
            return keyA > keyB ? 1 : -1;
        }
    });

    return sortArray.map(function(item) {
        const index = item[1];
        return items[index];
    });
}

function keyAlpha(colIndex) {
    return function(elem) {
        return elem.childNodes[1].childNodes[colIndex].firstChild.data.toLowerCase();
    };
}

function keyLink(colIndex) {
    return function(elem) {
        const dataCell = elem.childNodes[1].childNodes[colIndex].firstChild;
        return dataCell == null ? '' : dataCell.innerText.toLowerCase();
    };
}

function keyResult(colIndex) {
    return function(elem) {
        const strings = ['Error', 'Failed', 'Rerun', 'XFailed', 'XPassed',
            'Skipped', 'Passed'];
        return strings.indexOf(elem.childNodes[1].childNodes[colIndex].firstChild.data);
    };
}

function resetSortHeaders() {
    findAll('.sort-icon').forEach(function(elem) {
        elem.parentNode.removeChild(elem);
    });
    findAll('.sortable').forEach(function(elem) {
        const icon = document.createElement('div');
        icon.className = 'sort-icon';
        icon.textContent = 'vvv';
        elem.insertBefore(icon, elem.firstChild);
        elem.classList.remove('desc', 'active');
        elem.classList.add('asc', 'inactive');
    });
}

function toggleSortStates(elem) {
    //if active, toggle between asc and desc
    if (elem.classList.contains('active')) {
        elem.classList.toggle('asc');
        elem.classList.toggle('desc');
    }

    //if inactive, reset all other functions and add ascending active
    if (elem.classList.contains('inactive')) {
        resetSortHeaders();
        elem.classList.remove('inactive');
        elem.classList.add('active');
    }
}

function isAllRowsHidden(value) {
    return value.hidden == false;
}

function filterTable(elem) { // eslint-disable-line no-unused-vars
    const outcomeAtt = 'data-test-result';
    const outcome = elem.getAttribute(outcomeAtt);
    const classOutcome = outcome + ' results-table-row';
    const outcomeRows = document.getElementsByClassName(classOutcome);

    for(let i = 0; i < outcomeRows.length; i++){
        outcomeRows[i].hidden = !elem.checked;
    }

    const rows = findAll('.results-table-row').filter(isAllRowsHidden);
    const allRowsHidden = rows.length == 0 ? true : false;
    const notFoundMessage = document.getElementById('not-found-message');
    notFoundMessage.hidden = !allRowsHidden;
}
</script>
    <h1>myreport_headless1.html</h1>
    <p>Report generated on 06-Aug-2024 at 10:23:22 by <a href="https://pypi.python.org/pypi/pytest-html">pytest-html</a> v3.2.0</p>
    <h2>Environment</h2>
    <table id="environment">
      <tr>
        <td>JAVA_HOME</td>
        <td>C:\Program Files\OpenLogic\jdk-11.0.22.7-hotspot\</td></tr>
      <tr>
        <td>Packages</td>
        <td>{"pluggy": "1.0.0", "pytest": "7.3.1"}</td></tr>
      <tr>
        <td>Platform</td>
        <td>Windows-10-10.0.19045-SP0</td></tr>
      <tr>
        <td>Plugins</td>
        <td>{"allure-pytest": "2.13.2", "html": "3.2.0", "metadata": "2.0.4", "xdist": "3.2.1"}</td></tr>
      <tr>
        <td>Python</td>
        <td>3.11.4</td></tr></table>
    <h2>Summary</h2>
    <p>9 tests ran in 91.96 seconds. </p>
    <p class="filter" hidden="true">(Un)check the boxes to filter the results.</p><input checked="true" class="filter" data-test-result="passed" hidden="true" name="filter_checkbox" onChange="filterTable(this)" type="checkbox"/><span class="passed">5 passed</span>, <input checked="true" class="filter" data-test-result="skipped" disabled="true" hidden="true" name="filter_checkbox" onChange="filterTable(this)" type="checkbox"/><span class="skipped">0 skipped</span>, <input checked="true" class="filter" data-test-result="failed" hidden="true" name="filter_checkbox" onChange="filterTable(this)" type="checkbox"/><span class="failed">4 failed</span>, <input checked="true" class="filter" data-test-result="error" disabled="true" hidden="true" name="filter_checkbox" onChange="filterTable(this)" type="checkbox"/><span class="error">0 errors</span>, <input checked="true" class="filter" data-test-result="xfailed" disabled="true" hidden="true" name="filter_checkbox" onChange="filterTable(this)" type="checkbox"/><span class="xfailed">0 expected failures</span>, <input checked="true" class="filter" data-test-result="xpassed" disabled="true" hidden="true" name="filter_checkbox" onChange="filterTable(this)" type="checkbox"/><span class="xpassed">0 unexpected passes</span>
    <h2>Results</h2>
    <table id="results-table">
      <thead id="results-table-head">
        <tr>
          <th class="sortable result initial-sort" col="result">Result</th>
          <th class="sortable" col="name">Test</th>
          <th class="sortable" col="duration">Duration</th>
          <th class="sortable links" col="links">Links</th></tr>
        <tr hidden="true" id="not-found-message">
          <th colspan="4">No results found. Try to check the filters</th></tr></thead>
      <tbody class="failed results-table-row">
        <tr>
          <td class="col-result">Failed</td>
          <td class="col-name">testCases/test_OrangeHRM_AddEmp.py::Test_AddEmp::test_AddEmp_005</td>
          <td class="col-duration">25.41</td>
          <td class="col-links"></td></tr>
        <tr>
          <td class="extra" colspan="4">
            <div class="log">[gw0] win32 -- Python 3.11.4 C:\Users\HP\AppData\Local\Programs\Python\Python311\python.exe<br/>[gw0] win32 -- Python 3.11.4 C:\Users\HP\AppData\Local\Programs\Python\Python311\python.exe[gw0] win32 -- Python 3.11.4 C:\Users\HP\AppData\Local\Programs\Python\Python311\python.exe<br/><br/>self = &lt;testCases.test_OrangeHRM_AddEmp.Test_AddEmp object at 0x000002B3711A6490&gt;<br/>setup = &lt;selenium.webdriver.chrome.webdriver.WebDriver (session=&quot;08761edf26d152e76f923f0dc1ec6373&quot;)&gt;<br/><br/>    @pytest.mark.regression<br/>    @pytest.mark.group2<br/>    def test_AddEmp_005(self, setup):<br/>        self.log.info(&quot;test_AddEmp_005 testcase is started&quot;)<br/>        self.driver = setup<br/>        self.log.info(&quot;Opening browser&quot;)<br/>        self.lp = LoginPage_Class(self.driver)<br/>        self.log.info(&quot;Enter Username&quot;)<br/>        self.lp.Enter_UserName(self.username)<br/>        self.log.info(&quot;Enter Password&quot;)<br/>        self.lp.Enter_Password(self.password)<br/>        self.log.info(&quot;Click on login Button&quot;)<br/>        self.lp.Click_LoginButton()<br/>        self.ae = AddEmp_Class(self.driver)<br/>        self.log.info(&quot;Click on PIM Button&quot;)<br/>        self.ae.Click_PIM()<br/>        self.log.info(&quot;Click on AddEmp  Button&quot;)<br/>&gt;       self.ae.Click_AddEmp_Button()<br/><br/>testCases\test_OrangeHRM_AddEmp.py:33: <br/>_ _ _ _ _ _ _ _ _ _ _ _ _ _ _ _ _ _ _ _ _ _ _ _ _ _ _ _ _ _ _ _ _ _ _ _ _ _ _ _ <br/>pageObjects\Add_Emp_Page.py:27: in Click_AddEmp_Button<br/>    self.wait.until(expected_conditions.visibility_of_element_located((By.XPATH, self.Click_Add_Emp_Button_XPATH)))<br/>_ _ _ _ _ _ _ _ _ _ _ _ _ _ _ _ _ _ _ _ _ _ _ _ _ _ _ _ _ _ _ _ _ _ _ _ _ _ _ _ <br/><br/>self = &lt;selenium.webdriver.support.wait.WebDriverWait (session=&quot;08761edf26d152e76f923f0dc1ec6373&quot;)&gt;<br/>method = &lt;function visibility_of_element_located.&lt;locals&gt;._predicate at 0x000002B378CCFB00&gt;, message = &#x27;&#x27;<br/><br/>    def until(self, method: Callable[[WebDriver], Union[Literal[False], T]], message: str = &quot;&quot;) -&gt; T:<br/>        &quot;&quot;&quot;Calls the method provided with the driver as an argument until the \<br/>        return value does not evaluate to ``False``.<br/>    <br/>        :param method: callable(WebDriver)<br/>        :param message: optional message for :exc:`TimeoutException`<br/>        :returns: the result of the last call to `method`<br/>        :raises: :exc:`selenium.common.exceptions.TimeoutException` if timeout occurs<br/>        &quot;&quot;&quot;<br/>        screen = None<br/>        stacktrace = None<br/>    <br/>        end_time = time.monotonic() + self._timeout<br/>        while True:<br/>            try:<br/>                value = method(self._driver)<br/>                if value:<br/>                    return value<br/>            except self._ignored_exceptions as exc:<br/>                screen = getattr(exc, &quot;screen&quot;, None)<br/>                stacktrace = getattr(exc, &quot;stacktrace&quot;, None)<br/>            time.sleep(self._poll)<br/>            if time.monotonic() &gt; end_time:<br/>                break<br/>&gt;       raise TimeoutException(message, screen, stacktrace)<br/><span class="error">E       selenium.common.exceptions.TimeoutException: Message: </span><br/><span class="error">E       Stacktrace:</span><br/><span class="error">E       	GetHandleVerifier [0x00007FF722869632+30946]</span><br/><span class="error">E       	(No symbol) [0x00007FF72281E3C9]</span><br/><span class="error">E       	(No symbol) [0x00007FF722716FDA]</span><br/><span class="error">E       	(No symbol) [0x00007FF72276822C]</span><br/><span class="error">E       	(No symbol) [0x00007FF72276850C]</span><br/><span class="error">E       	(No symbol) [0x00007FF7227ADCB7]</span><br/><span class="error">E       	(No symbol) [0x00007FF72278CAAF]</span><br/><span class="error">E       	(No symbol) [0x00007FF7227AB041]</span><br/><span class="error">E       	(No symbol) [0x00007FF72278C813]</span><br/><span class="error">E       	(No symbol) [0x00007FF72275A6E5]</span><br/><span class="error">E       	(No symbol) [0x00007FF72275B021]</span><br/><span class="error">E       	GetHandleVerifier [0x00007FF72299F83D+1301229]</span><br/><span class="error">E       	GetHandleVerifier [0x00007FF7229ABDB7+1351783]</span><br/><span class="error">E       	GetHandleVerifier [0x00007FF7229A2A03+1313971]</span><br/><span class="error">E       	GetHandleVerifier [0x00007FF72289DD06+245686]</span><br/><span class="error">E       	(No symbol) [0x00007FF72282758F]</span><br/><span class="error">E       	(No symbol) [0x00007FF722823804]</span><br/><span class="error">E       	(No symbol) [0x00007FF722823992]</span><br/><span class="error">E       	(No symbol) [0x00007FF72281A3EF]</span><br/><span class="error">E       	BaseThreadInitThunk [0x00007FFE0B927344+20]</span><br/><span class="error">E       	RtlUserThreadStart [0x00007FFE0BA5CC91+33]</span><br/><br/>C:\Users\HP\AppData\Local\Programs\Python\Python311\Lib\site-packages\selenium\webdriver\support\wait.py:101: TimeoutException[gw0] win32 -- Python 3.11.4 C:\Users\HP\AppData\Local\Programs\Python\Python311\python.exe<br/> -----------------------------Captured stdout setup------------------------------ <br/>Test Run - Headless
<br/> -------------------------------Captured log call-------------------------------- <br/>INFO     Test_AddEmp:test_OrangeHRM_AddEmp.py:19 test_AddEmp_005 testcase is started
INFO     Test_AddEmp:test_OrangeHRM_AddEmp.py:21 Opening browser
INFO     Test_AddEmp:test_OrangeHRM_AddEmp.py:23 Enter Username
INFO     Test_AddEmp:test_OrangeHRM_AddEmp.py:25 Enter Password
INFO     Test_AddEmp:test_OrangeHRM_AddEmp.py:27 Click on login Button
INFO     Test_AddEmp:test_OrangeHRM_AddEmp.py:30 Click on PIM Button
INFO     Test_AddEmp:test_OrangeHRM_AddEmp.py:32 Click on AddEmp  Button<br/></div></td></tr></tbody>
      <tbody class="failed results-table-row">
        <tr>
          <td class="col-result">Failed</td>
          <td class="col-name">testCases/test_OrangeHRM_Login.py::Test_OrangeHRM_Login::test_OrangeHRM_Login_002</td>
          <td class="col-duration">19.80</td>
          <td class="col-links"></td></tr>
        <tr>
          <td class="extra" colspan="4">
            <div class="log">[gw1] win32 -- Python 3.11.4 C:\Users\HP\AppData\Local\Programs\Python\Python311\python.exe<br/>[gw1] win32 -- Python 3.11.4 C:\Users\HP\AppData\Local\Programs\Python\Python311\python.exe[gw1] win32 -- Python 3.11.4 C:\Users\HP\AppData\Local\Programs\Python\Python311\python.exe<br/><br/>self = &lt;testCases.test_OrangeHRM_Login.Test_OrangeHRM_Login object at 0x0000021807957990&gt;<br/>setup = &lt;selenium.webdriver.chrome.webdriver.WebDriver (session=&quot;1f8fb2cd1852e4da1f6d94e781a36c41&quot;)&gt;<br/><br/>    @pytest.mark.sanity<br/>    @pytest.mark.group1<br/>    def test_OrangeHRM_Login_002(self, setup):<br/>        self.log.info(&quot;test_OrangeHRM_Login_002 is started&quot;)  # Log the start of the test<br/>        self.driver = setup  # Initialize the WebDriver using the setup fixture<br/>        self.log.info(&quot;Opening the browser&quot;)  # Log the action of opening the browser<br/>        self.lp = LoginPage_Class(self.driver)  # Create an instance of the LoginPage class<br/>        # self.driver.find_element(By.XPATH, &quot;//input[@placeholder=&#x27;Username&#x27;]&quot;).send_keys(&quot;Admin&quot;)  # Example of locating and interacting with an element<br/>        # print(&quot;Username--&gt;&quot; + self.Username)  # Print the username<br/>        # print(&quot;Password--&gt;&quot; + self.Password)  # Print the password<br/>        self.log.info(&quot;Entering Username--&gt;&quot; + self.Username)  # Log the action of entering the username<br/>&gt;       self.lp.Enter_UserName(self.Username)  # Enter the username using the page object method<br/><br/>testCases\test_OrangeHRM_Login.py:58: <br/>_ _ _ _ _ _ _ _ _ _ _ _ _ _ _ _ _ _ _ _ _ _ _ _ _ _ _ _ _ _ _ _ _ _ _ _ _ _ _ _ <br/>pageObjects\Login_Page.py:20: in Enter_UserName<br/>    self.wait.until(expected_conditions.visibility_of_element_located(self.Text_Username_Xpath))<br/>_ _ _ _ _ _ _ _ _ _ _ _ _ _ _ _ _ _ _ _ _ _ _ _ _ _ _ _ _ _ _ _ _ _ _ _ _ _ _ _ <br/><br/>self = &lt;selenium.webdriver.support.wait.WebDriverWait (session=&quot;1f8fb2cd1852e4da1f6d94e781a36c41&quot;)&gt;<br/>method = &lt;function visibility_of_element_located.&lt;locals&gt;._predicate at 0x000002180F495580&gt;, message = &#x27;&#x27;<br/><br/>    def until(self, method: Callable[[WebDriver], Union[Literal[False], T]], message: str = &quot;&quot;) -&gt; T:<br/>        &quot;&quot;&quot;Calls the method provided with the driver as an argument until the \<br/>        return value does not evaluate to ``False``.<br/>    <br/>        :param method: callable(WebDriver)<br/>        :param message: optional message for :exc:`TimeoutException`<br/>        :returns: the result of the last call to `method`<br/>        :raises: :exc:`selenium.common.exceptions.TimeoutException` if timeout occurs<br/>        &quot;&quot;&quot;<br/>        screen = None<br/>        stacktrace = None<br/>    <br/>        end_time = time.monotonic() + self._timeout<br/>        while True:<br/>            try:<br/>                value = method(self._driver)<br/>                if value:<br/>                    return value<br/>            except self._ignored_exceptions as exc:<br/>                screen = getattr(exc, &quot;screen&quot;, None)<br/>                stacktrace = getattr(exc, &quot;stacktrace&quot;, None)<br/>            time.sleep(self._poll)<br/>            if time.monotonic() &gt; end_time:<br/>                break<br/>&gt;       raise TimeoutException(message, screen, stacktrace)<br/><span class="error">E       selenium.common.exceptions.TimeoutException: Message: </span><br/><span class="error">E       Stacktrace:</span><br/><span class="error">E       	GetHandleVerifier [0x00007FF722869632+30946]</span><br/><span class="error">E       	(No symbol) [0x00007FF72281E3C9]</span><br/><span class="error">E       	(No symbol) [0x00007FF722716FDA]</span><br/><span class="error">E       	(No symbol) [0x00007FF72276822C]</span><br/><span class="error">E       	(No symbol) [0x00007FF72276850C]</span><br/><span class="error">E       	(No symbol) [0x00007FF7227ADCB7]</span><br/><span class="error">E       	(No symbol) [0x00007FF72278CAAF]</span><br/><span class="error">E       	(No symbol) [0x00007FF7227AB041]</span><br/><span class="error">E       	(No symbol) [0x00007FF72278C813]</span><br/><span class="error">E       	(No symbol) [0x00007FF72275A6E5]</span><br/><span class="error">E       	(No symbol) [0x00007FF72275B021]</span><br/><span class="error">E       	GetHandleVerifier [0x00007FF72299F83D+1301229]</span><br/><span class="error">E       	GetHandleVerifier [0x00007FF7229ABDB7+1351783]</span><br/><span class="error">E       	GetHandleVerifier [0x00007FF7229A2A03+1313971]</span><br/><span class="error">E       	GetHandleVerifier [0x00007FF72289DD06+245686]</span><br/><span class="error">E       	(No symbol) [0x00007FF72282758F]</span><br/><span class="error">E       	(No symbol) [0x00007FF722823804]</span><br/><span class="error">E       	(No symbol) [0x00007FF722823992]</span><br/><span class="error">E       	(No symbol) [0x00007FF72281A3EF]</span><br/><span class="error">E       	BaseThreadInitThunk [0x00007FFE0B927344+20]</span><br/><span class="error">E       	RtlUserThreadStart [0x00007FFE0BA5CC91+33]</span><br/><br/>C:\Users\HP\AppData\Local\Programs\Python\Python311\Lib\site-packages\selenium\webdriver\support\wait.py:101: TimeoutException[gw1] win32 -- Python 3.11.4 C:\Users\HP\AppData\Local\Programs\Python\Python311\python.exe<br/> -----------------------------Captured stdout setup------------------------------ <br/>Test Run - Headless
<br/> -------------------------------Captured log call-------------------------------- <br/>INFO     Test_OrangeHRM_Login:test_OrangeHRM_Login.py:50 test_OrangeHRM_Login_002 is started
INFO     Test_OrangeHRM_Login:test_OrangeHRM_Login.py:52 Opening the browser
INFO     Test_OrangeHRM_Login:test_OrangeHRM_Login.py:57 Entering Username--&gt;Admin<br/></div></td></tr></tbody>
      <tbody class="failed results-table-row">
        <tr>
          <td class="col-result">Failed</td>
          <td class="col-name">testCases/test_OrangeHRM_Login_DDT.py::Test_OrangeHRM_Login_DDT::test_OrangeHRM_Login_DDT_004</td>
          <td class="col-duration">36.45</td>
          <td class="col-links"></td></tr>
        <tr>
          <td class="extra" colspan="4">
            <div class="log">[gw1] win32 -- Python 3.11.4 C:\Users\HP\AppData\Local\Programs\Python\Python311\python.exe<br/>[gw1] win32 -- Python 3.11.4 C:\Users\HP\AppData\Local\Programs\Python\Python311\python.exe[gw1] win32 -- Python 3.11.4 C:\Users\HP\AppData\Local\Programs\Python\Python311\python.exe<br/><br/>self = &lt;testCases.test_OrangeHRM_Login_DDT.Test_OrangeHRM_Login_DDT object at 0x000002180DE7BBD0&gt;<br/>setup = &lt;selenium.webdriver.chrome.webdriver.WebDriver (session=&quot;de3874b630df72c5df19ce2decc961ae&quot;)&gt;<br/><br/>    @pytest.mark.regression<br/>    @pytest.mark.group1<br/>    def test_OrangeHRM_Login_DDT_004(self, setup):<br/>        self.log.info(&quot;test_OrangeHRM_Login_DDT_004 is started&quot;)  # Log the start of the test<br/>        self.driver = setup  # Initialize the WebDriver using the setup fixture<br/>        self.log.info(&quot;Opening the browser&quot;)  # Log the action of opening the browser<br/>        self.lp = LoginPage_Class(self.driver)  # Create an instance of the LoginPage class<br/>        self.rows = Excel_utils.get_rowCount(self.File_Path, &quot;Login_Data&quot;)<br/>        print(&quot;Number of rows in Excel Test data--&gt;&quot; + str(self.rows))<br/>        List_Status = []<br/>        for r in range(2, self.rows + 1):<br/>            self.username = Excel_utils.readData(self.File_Path, &quot;Login_Data&quot;, r, 2)<br/>            self.password = Excel_utils.readData(self.File_Path, &quot;Login_Data&quot;, r, 3)<br/>            self.Excel_Result = Excel_utils.readData(self.File_Path, &quot;Login_Data&quot;, r, 4)<br/>            # print(&quot;username--&gt;&quot; + &quot;loop--&gt;&quot; + str(r) +&quot;--&quot;+  str(self.username))<br/>            # print(&quot;password--&gt;&quot; + &quot;loop--&gt;&quot; + str(r) +&quot;--&quot;+ str(self.password))<br/>            # print(&quot;Excel_Result--&gt;&quot; + &quot;loop--&gt;&quot; + str(r) +&quot;--&quot;+ str(self.Excel_Result))<br/>            # print(&quot;---------------------&quot;)<br/>            self.log.info(<br/>                &quot;Entering Username--&gt;&quot; + self.username)  # Log the action of entering the username from the test data<br/>&gt;           self.lp.Enter_UserName(self.username)  # Enter the username using the page object method<br/><br/>testCases\test_OrangeHRM_Login_DDT.py:34: <br/>_ _ _ _ _ _ _ _ _ _ _ _ _ _ _ _ _ _ _ _ _ _ _ _ _ _ _ _ _ _ _ _ _ _ _ _ _ _ _ _ <br/>pageObjects\Login_Page.py:20: in Enter_UserName<br/>    self.wait.until(expected_conditions.visibility_of_element_located(self.Text_Username_Xpath))<br/>_ _ _ _ _ _ _ _ _ _ _ _ _ _ _ _ _ _ _ _ _ _ _ _ _ _ _ _ _ _ _ _ _ _ _ _ _ _ _ _ <br/><br/>self = &lt;selenium.webdriver.support.wait.WebDriverWait (session=&quot;de3874b630df72c5df19ce2decc961ae&quot;)&gt;<br/>method = &lt;function visibility_of_element_located.&lt;locals&gt;._predicate at 0x000002180F47FCE0&gt;, message = &#x27;&#x27;<br/><br/>    def until(self, method: Callable[[WebDriver], Union[Literal[False], T]], message: str = &quot;&quot;) -&gt; T:<br/>        &quot;&quot;&quot;Calls the method provided with the driver as an argument until the \<br/>        return value does not evaluate to ``False``.<br/>    <br/>        :param method: callable(WebDriver)<br/>        :param message: optional message for :exc:`TimeoutException`<br/>        :returns: the result of the last call to `method`<br/>        :raises: :exc:`selenium.common.exceptions.TimeoutException` if timeout occurs<br/>        &quot;&quot;&quot;<br/>        screen = None<br/>        stacktrace = None<br/>    <br/>        end_time = time.monotonic() + self._timeout<br/>        while True:<br/>            try:<br/>                value = method(self._driver)<br/>                if value:<br/>                    return value<br/>            except self._ignored_exceptions as exc:<br/>                screen = getattr(exc, &quot;screen&quot;, None)<br/>                stacktrace = getattr(exc, &quot;stacktrace&quot;, None)<br/>            time.sleep(self._poll)<br/>            if time.monotonic() &gt; end_time:<br/>                break<br/>&gt;       raise TimeoutException(message, screen, stacktrace)<br/><span class="error">E       selenium.common.exceptions.TimeoutException: Message: </span><br/><span class="error">E       Stacktrace:</span><br/><span class="error">E       	GetHandleVerifier [0x00007FF722869632+30946]</span><br/><span class="error">E       	(No symbol) [0x00007FF72281E3C9]</span><br/><span class="error">E       	(No symbol) [0x00007FF722716FDA]</span><br/><span class="error">E       	(No symbol) [0x00007FF72276822C]</span><br/><span class="error">E       	(No symbol) [0x00007FF72276850C]</span><br/><span class="error">E       	(No symbol) [0x00007FF7227ADCB7]</span><br/><span class="error">E       	(No symbol) [0x00007FF72278CAAF]</span><br/><span class="error">E       	(No symbol) [0x00007FF7227AB041]</span><br/><span class="error">E       	(No symbol) [0x00007FF72278C813]</span><br/><span class="error">E       	(No symbol) [0x00007FF72275A6E5]</span><br/><span class="error">E       	(No symbol) [0x00007FF72275B021]</span><br/><span class="error">E       	GetHandleVerifier [0x00007FF72299F83D+1301229]</span><br/><span class="error">E       	GetHandleVerifier [0x00007FF7229ABDB7+1351783]</span><br/><span class="error">E       	GetHandleVerifier [0x00007FF7229A2A03+1313971]</span><br/><span class="error">E       	GetHandleVerifier [0x00007FF72289DD06+245686]</span><br/><span class="error">E       	(No symbol) [0x00007FF72282758F]</span><br/><span class="error">E       	(No symbol) [0x00007FF722823804]</span><br/><span class="error">E       	(No symbol) [0x00007FF722823992]</span><br/><span class="error">E       	(No symbol) [0x00007FF72281A3EF]</span><br/><span class="error">E       	BaseThreadInitThunk [0x00007FFE0B927344+20]</span><br/><span class="error">E       	RtlUserThreadStart [0x00007FFE0BA5CC91+33]</span><br/><br/>C:\Users\HP\AppData\Local\Programs\Python\Python311\Lib\site-packages\selenium\webdriver\support\wait.py:101: TimeoutException[gw1] win32 -- Python 3.11.4 C:\Users\HP\AppData\Local\Programs\Python\Python311\python.exe<br/> -----------------------------Captured stdout setup------------------------------ <br/>Test Run - Headless
<br/> ------------------------------Captured stdout call------------------------------ <br/>Number of rows in Excel Test data--&gt;7
User login test case is failed
User login test case is passed
User login test case is passed
User login test case is passed
<br/> -------------------------------Captured log call-------------------------------- <br/>INFO     Test_OrangeHRM_Login_DDT:test_OrangeHRM_Login_DDT.py:17 test_OrangeHRM_Login_DDT_004 is started
INFO     Test_OrangeHRM_Login_DDT:test_OrangeHRM_Login_DDT.py:19 Opening the browser
INFO     Test_OrangeHRM_Login_DDT:test_OrangeHRM_Login_DDT.py:32 Entering Username--&gt;Admin
INFO     Test_OrangeHRM_Login_DDT:test_OrangeHRM_Login_DDT.py:35 Entering Password--&gt;admin123
INFO     Test_OrangeHRM_Login_DDT:test_OrangeHRM_Login_DDT.py:38 Clicking on login button
INFO     Test_OrangeHRM_Login_DDT:test_OrangeHRM_Login_DDT.py:41 Verifying the login status
INFO     Test_OrangeHRM_Login_DDT:test_OrangeHRM_Login_DDT.py:32 Entering Username--&gt;Admin1<br/></div></td></tr></tbody>
      <tbody class="failed results-table-row">
        <tr>
          <td class="col-result">Failed</td>
          <td class="col-name">testCases/test_OrangeHRM_SearchEmp.py::Test_SearchEmp::test_SearchEmp_006</td>
          <td class="col-duration">21.87</td>
          <td class="col-links"></td></tr>
        <tr>
          <td class="extra" colspan="4">
            <div class="log">[gw1] win32 -- Python 3.11.4 C:\Users\HP\AppData\Local\Programs\Python\Python311\python.exe<br/>[gw1] win32 -- Python 3.11.4 C:\Users\HP\AppData\Local\Programs\Python\Python311\python.exe[gw1] win32 -- Python 3.11.4 C:\Users\HP\AppData\Local\Programs\Python\Python311\python.exe<br/><br/>self = &lt;testCases.test_OrangeHRM_SearchEmp.Test_SearchEmp object at 0x000002180F492D10&gt;<br/>setup = &lt;selenium.webdriver.chrome.webdriver.WebDriver (session=&quot;f4de8d61a1a2f9e4fca601dd01c2226f&quot;)&gt;<br/><br/>    @pytest.mark.regression<br/>    @pytest.mark.group2<br/>    def test_SearchEmp_006(self, setup):<br/>        self.driver = setup<br/>        self.log.info(&quot;Opening browser&quot;)<br/>        self.lp = LoginPage_Class(self.driver)<br/>        self.log.info(&quot;Enter Username&quot;)<br/>        self.lp.Enter_UserName(self.username)<br/>        self.log.info(&quot;Enter Password&quot;)<br/>        self.lp.Enter_Password(self.password)<br/>        self.log.info(&quot;Click on login Button&quot;)<br/>        self.lp.Click_LoginButton()<br/>        self.ae = AddEmp_Class(self.driver)<br/>        self.log.info(&quot;Click on PIM Button&quot;)<br/>        self.ae.Click_PIM()<br/>        self.se = SearchEmp_Class(self.driver)<br/>        Emp_ID = &quot;03971&quot;<br/>&gt;       self.se.Enter_EmpID(Emp_ID)<br/><br/>testCases\test_OrangeHRM_SearchEmp.py:34: <br/>_ _ _ _ _ _ _ _ _ _ _ _ _ _ _ _ _ _ _ _ _ _ _ _ _ _ _ _ _ _ _ _ _ _ _ _ _ _ _ _ <br/>pageObjects\Search_Emp_Page.py:27: in Enter_EmpID<br/>    self.wait.until(expected_conditions.visibility_of_element_located((By.XPATH, self.Text_EmpID_XPATH)))<br/>_ _ _ _ _ _ _ _ _ _ _ _ _ _ _ _ _ _ _ _ _ _ _ _ _ _ _ _ _ _ _ _ _ _ _ _ _ _ _ _ <br/><br/>self = &lt;selenium.webdriver.support.wait.WebDriverWait (session=&quot;f4de8d61a1a2f9e4fca601dd01c2226f&quot;)&gt;<br/>method = &lt;function visibility_of_element_located.&lt;locals&gt;._predicate at 0x0000021804646840&gt;, message = &#x27;&#x27;<br/><br/>    def until(self, method: Callable[[WebDriver], Union[Literal[False], T]], message: str = &quot;&quot;) -&gt; T:<br/>        &quot;&quot;&quot;Calls the method provided with the driver as an argument until the \<br/>        return value does not evaluate to ``False``.<br/>    <br/>        :param method: callable(WebDriver)<br/>        :param message: optional message for :exc:`TimeoutException`<br/>        :returns: the result of the last call to `method`<br/>        :raises: :exc:`selenium.common.exceptions.TimeoutException` if timeout occurs<br/>        &quot;&quot;&quot;<br/>        screen = None<br/>        stacktrace = None<br/>    <br/>        end_time = time.monotonic() + self._timeout<br/>        while True:<br/>            try:<br/>                value = method(self._driver)<br/>                if value:<br/>                    return value<br/>            except self._ignored_exceptions as exc:<br/>                screen = getattr(exc, &quot;screen&quot;, None)<br/>                stacktrace = getattr(exc, &quot;stacktrace&quot;, None)<br/>            time.sleep(self._poll)<br/>            if time.monotonic() &gt; end_time:<br/>                break<br/>&gt;       raise TimeoutException(message, screen, stacktrace)<br/><span class="error">E       selenium.common.exceptions.TimeoutException: Message: </span><br/><span class="error">E       Stacktrace:</span><br/><span class="error">E       	GetHandleVerifier [0x00007FF722869632+30946]</span><br/><span class="error">E       	(No symbol) [0x00007FF72281E3C9]</span><br/><span class="error">E       	(No symbol) [0x00007FF722716FDA]</span><br/><span class="error">E       	(No symbol) [0x00007FF72276822C]</span><br/><span class="error">E       	(No symbol) [0x00007FF72276850C]</span><br/><span class="error">E       	(No symbol) [0x00007FF7227ADCB7]</span><br/><span class="error">E       	(No symbol) [0x00007FF72278CAAF]</span><br/><span class="error">E       	(No symbol) [0x00007FF7227AB041]</span><br/><span class="error">E       	(No symbol) [0x00007FF72278C813]</span><br/><span class="error">E       	(No symbol) [0x00007FF72275A6E5]</span><br/><span class="error">E       	(No symbol) [0x00007FF72275B021]</span><br/><span class="error">E       	GetHandleVerifier [0x00007FF72299F83D+1301229]</span><br/><span class="error">E       	GetHandleVerifier [0x00007FF7229ABDB7+1351783]</span><br/><span class="error">E       	GetHandleVerifier [0x00007FF7229A2A03+1313971]</span><br/><span class="error">E       	GetHandleVerifier [0x00007FF72289DD06+245686]</span><br/><span class="error">E       	(No symbol) [0x00007FF72282758F]</span><br/><span class="error">E       	(No symbol) [0x00007FF722823804]</span><br/><span class="error">E       	(No symbol) [0x00007FF722823992]</span><br/><span class="error">E       	(No symbol) [0x00007FF72281A3EF]</span><br/><span class="error">E       	BaseThreadInitThunk [0x00007FFE0B927344+20]</span><br/><span class="error">E       	RtlUserThreadStart [0x00007FFE0BA5CC91+33]</span><br/><br/>C:\Users\HP\AppData\Local\Programs\Python\Python311\Lib\site-packages\selenium\webdriver\support\wait.py:101: TimeoutException[gw1] win32 -- Python 3.11.4 C:\Users\HP\AppData\Local\Programs\Python\Python311\python.exe<br/> -----------------------------Captured stdout setup------------------------------ <br/>Test Run - Headless
<br/> -------------------------------Captured log call-------------------------------- <br/>INFO     Test_SearchEmp:test_OrangeHRM_SearchEmp.py:21 Opening browser
INFO     Test_SearchEmp:test_OrangeHRM_SearchEmp.py:23 Enter Username
INFO     Test_SearchEmp:test_OrangeHRM_SearchEmp.py:25 Enter Password
INFO     Test_SearchEmp:test_OrangeHRM_SearchEmp.py:27 Click on login Button
INFO     Test_SearchEmp:test_OrangeHRM_SearchEmp.py:30 Click on PIM Button<br/></div></td></tr></tbody>
      <tbody class="passed results-table-row">
        <tr>
          <td class="col-result">Passed</td>
          <td class="col-name">testCases/test_OrangeHRM_Login_params.py::Test_OrangeHRM_Login_params::test_OrangeHRM_Login_params_003[getDataForLogin0]</td>
          <td class="col-duration">40.51</td>
          <td class="col-links"></td></tr>
        <tr>
          <td class="extra" colspan="4">
            <div class="log">[gw2] win32 -- Python 3.11.4 C:\Users\HP\AppData\Local\Programs\Python\Python311\python.exe<br/>[gw2] win32 -- Python 3.11.4 C:\Users\HP\AppData\Local\Programs\Python\Python311\python.exe[gw2] win32 -- Python 3.11.4 C:\Users\HP\AppData\Local\Programs\Python\Python311\python.exe[gw2] win32 -- Python 3.11.4 C:\Users\HP\AppData\Local\Programs\Python\Python311\python.exe<br/> -----------------------------Captured stdout setup------------------------------ <br/>Test Run - Headless
<br/> ------------------------------Captured stdout call------------------------------ <br/>User login test case is failed
User login test case is passed
User login test case is passed
User login test case is passed
<br/> -------------------------------Captured log call-------------------------------- <br/>INFO     Test_OrangeHRM_Login_params:test_OrangeHRM_Login_params.py:18 test_OrangeHRM_Login_params_003 is started
INFO     Test_OrangeHRM_Login_params:test_OrangeHRM_Login_params.py:20 Opening the browser
INFO     Test_OrangeHRM_Login_params:test_OrangeHRM_Login_params.py:25 Entering Username--&gt;Admin
INFO     Test_OrangeHRM_Login_params:test_OrangeHRM_Login_params.py:28 Entering Password--&gt;admin123
INFO     Test_OrangeHRM_Login_params:test_OrangeHRM_Login_params.py:31 Clicking on login button
INFO     Test_OrangeHRM_Login_params:test_OrangeHRM_Login_params.py:33 Verifying the login status
INFO     Test_OrangeHRM_Login_params:test_OrangeHRM_Login_params.py:63 Closing the browser
INFO     Test_OrangeHRM_Login_params:test_OrangeHRM_Login_params.py:65 test_OrangeHRM_Login_params_003 is completed<br/> -----------------------------Captured log teardown------------------------------ <br/>WARNING  urllib3.connectionpool:connectionpool.py:871 Retrying (Retry(total=2, connect=None, read=None, redirect=None, status=None)) after connection broken by &#x27;NewConnectionError(&#x27;&lt;urllib3.connection.HTTPConnection object at 0x000001FB4DE4DA90&gt;: Failed to establish a new connection: [WinError 10061] No connection could be made because the target machine actively refused it&#x27;)&#x27;: /session/0afc0414656cfafb198dff676f04f4f9
WARNING  urllib3.connectionpool:connectionpool.py:871 Retrying (Retry(total=1, connect=None, read=None, redirect=None, status=None)) after connection broken by &#x27;NewConnectionError(&#x27;&lt;urllib3.connection.HTTPConnection object at 0x000001FB4DE4E110&gt;: Failed to establish a new connection: [WinError 10061] No connection could be made because the target machine actively refused it&#x27;)&#x27;: /session/0afc0414656cfafb198dff676f04f4f9
WARNING  urllib3.connectionpool:connectionpool.py:871 Retrying (Retry(total=0, connect=None, read=None, redirect=None, status=None)) after connection broken by &#x27;NewConnectionError(&#x27;&lt;urllib3.connection.HTTPConnection object at 0x000001FB4DE4E810&gt;: Failed to establish a new connection: [WinError 10061] No connection could be made because the target machine actively refused it&#x27;)&#x27;: /session/0afc0414656cfafb198dff676f04f4f9<br/></div></td></tr></tbody>
      <tbody class="passed results-table-row">
        <tr>
          <td class="col-result">Passed</td>
          <td class="col-name">testCases/test_OrangeHRM_Login_params.py::Test_OrangeHRM_Login_params::test_OrangeHRM_Login_params_003[getDataForLogin2]</td>
          <td class="col-duration">37.42</td>
          <td class="col-links"></td></tr>
        <tr>
          <td class="extra" colspan="4">
            <div class="log">[gw3] win32 -- Python 3.11.4 C:\Users\HP\AppData\Local\Programs\Python\Python311\python.exe<br/>[gw3] win32 -- Python 3.11.4 C:\Users\HP\AppData\Local\Programs\Python\Python311\python.exe[gw3] win32 -- Python 3.11.4 C:\Users\HP\AppData\Local\Programs\Python\Python311\python.exe[gw3] win32 -- Python 3.11.4 C:\Users\HP\AppData\Local\Programs\Python\Python311\python.exe<br/> -----------------------------Captured stdout setup------------------------------ <br/>Test Run - Headless
<br/> ------------------------------Captured stdout call------------------------------ <br/>User login test case is failed
User login test case is failed
User login test case is failed
User login test case is failed
<br/> -------------------------------Captured log call-------------------------------- <br/>INFO     Test_OrangeHRM_Login_params:test_OrangeHRM_Login_params.py:18 test_OrangeHRM_Login_params_003 is started
INFO     Test_OrangeHRM_Login_params:test_OrangeHRM_Login_params.py:20 Opening the browser
INFO     Test_OrangeHRM_Login_params:test_OrangeHRM_Login_params.py:25 Entering Username--&gt;Admin
INFO     Test_OrangeHRM_Login_params:test_OrangeHRM_Login_params.py:28 Entering Password--&gt;admin1231
INFO     Test_OrangeHRM_Login_params:test_OrangeHRM_Login_params.py:31 Clicking on login button
INFO     Test_OrangeHRM_Login_params:test_OrangeHRM_Login_params.py:33 Verifying the login status
INFO     Test_OrangeHRM_Login_params:test_OrangeHRM_Login_params.py:59 test_OrangeHRM_Login_params_003 is passed
INFO     Test_OrangeHRM_Login_params:test_OrangeHRM_Login_params.py:60 Taking a screenshot
INFO     Test_OrangeHRM_Login_params:test_OrangeHRM_Login_params.py:63 Closing the browser
INFO     Test_OrangeHRM_Login_params:test_OrangeHRM_Login_params.py:65 test_OrangeHRM_Login_params_003 is completed<br/> -----------------------------Captured log teardown------------------------------ <br/>WARNING  urllib3.connectionpool:connectionpool.py:871 Retrying (Retry(total=2, connect=None, read=None, redirect=None, status=None)) after connection broken by &#x27;NewConnectionError(&#x27;&lt;urllib3.connection.HTTPConnection object at 0x0000018E1B69E250&gt;: Failed to establish a new connection: [WinError 10061] No connection could be made because the target machine actively refused it&#x27;)&#x27;: /session/da0d85812ad5d06a6d052f2092434ce2
WARNING  urllib3.connectionpool:connectionpool.py:871 Retrying (Retry(total=1, connect=None, read=None, redirect=None, status=None)) after connection broken by &#x27;NewConnectionError(&#x27;&lt;urllib3.connection.HTTPConnection object at 0x0000018E1B69E8D0&gt;: Failed to establish a new connection: [WinError 10061] No connection could be made because the target machine actively refused it&#x27;)&#x27;: /session/da0d85812ad5d06a6d052f2092434ce2
WARNING  urllib3.connectionpool:connectionpool.py:871 Retrying (Retry(total=0, connect=None, read=None, redirect=None, status=None)) after connection broken by &#x27;NewConnectionError(&#x27;&lt;urllib3.connection.HTTPConnection object at 0x0000018E1B69EFD0&gt;: Failed to establish a new connection: [WinError 10061] No connection could be made because the target machine actively refused it&#x27;)&#x27;: /session/da0d85812ad5d06a6d052f2092434ce2<br/></div></td></tr></tbody>
      <tbody class="passed results-table-row">
        <tr>
          <td class="col-result">Passed</td>
          <td class="col-name">testCases/test_OrangeHRM_Login.py::Test_OrangeHRM_Login::test_OrangeHRM_url_001</td>
          <td class="col-duration">31.68</td>
          <td class="col-links"></td></tr>
        <tr>
          <td class="extra" colspan="4">
            <div class="log">[gw0] win32 -- Python 3.11.4 C:\Users\HP\AppData\Local\Programs\Python\Python311\python.exe<br/>[gw0] win32 -- Python 3.11.4 C:\Users\HP\AppData\Local\Programs\Python\Python311\python.exe[gw0] win32 -- Python 3.11.4 C:\Users\HP\AppData\Local\Programs\Python\Python311\python.exe[gw0] win32 -- Python 3.11.4 C:\Users\HP\AppData\Local\Programs\Python\Python311\python.exe<br/> -----------------------------Captured stdout setup------------------------------ <br/>Test Run - Headless
<br/> ------------------------------Captured stdout call------------------------------ <br/>driver.title--&gt;OrangeHRM
<br/> -------------------------------Captured log call-------------------------------- <br/>INFO     Test_OrangeHRM_Login:test_OrangeHRM_Login.py:25 test_OrangeHRM_url_001 is started
INFO     Test_OrangeHRM_Login:test_OrangeHRM_Login.py:27 Opening Browser
INFO     Test_OrangeHRM_Login:test_OrangeHRM_Login.py:29 Verifying the page title
INFO     Test_OrangeHRM_Login:test_OrangeHRM_Login.py:31 test_OrangeHRM_url_001 is passed, user is landed on correct url
INFO     Test_OrangeHRM_Login:test_OrangeHRM_Login.py:34 Taking the screenshot
INFO     Test_OrangeHRM_Login:test_OrangeHRM_Login.py:43 Closing the Browser
INFO     Test_OrangeHRM_Login:test_OrangeHRM_Login.py:45 test_OrangeHRM_url_001 is completed<br/> -----------------------------Captured log teardown------------------------------ <br/>WARNING  urllib3.connectionpool:connectionpool.py:871 Retrying (Retry(total=2, connect=None, read=None, redirect=None, status=None)) after connection broken by &#x27;NewConnectionError(&#x27;&lt;urllib3.connection.HTTPConnection object at 0x000002B378D2C8D0&gt;: Failed to establish a new connection: [WinError 10061] No connection could be made because the target machine actively refused it&#x27;)&#x27;: /session/21eb958de0d228e6679043f503540785
WARNING  urllib3.connectionpool:connectionpool.py:871 Retrying (Retry(total=1, connect=None, read=None, redirect=None, status=None)) after connection broken by &#x27;NewConnectionError(&#x27;&lt;urllib3.connection.HTTPConnection object at 0x000002B378D2DB90&gt;: Failed to establish a new connection: [WinError 10061] No connection could be made because the target machine actively refused it&#x27;)&#x27;: /session/21eb958de0d228e6679043f503540785
WARNING  urllib3.connectionpool:connectionpool.py:871 Retrying (Retry(total=0, connect=None, read=None, redirect=None, status=None)) after connection broken by &#x27;NewConnectionError(&#x27;&lt;urllib3.connection.HTTPConnection object at 0x000002B378D2E250&gt;: Failed to establish a new connection: [WinError 10061] No connection could be made because the target machine actively refused it&#x27;)&#x27;: /session/21eb958de0d228e6679043f503540785<br/></div></td></tr></tbody>
      <tbody class="passed results-table-row">
        <tr>
          <td class="col-result">Passed</td>
          <td class="col-name">testCases/test_OrangeHRM_Login_params.py::Test_OrangeHRM_Login_params::test_OrangeHRM_Login_params_003[getDataForLogin3]</td>
          <td class="col-duration">34.26</td>
          <td class="col-links"></td></tr>
        <tr>
          <td class="extra" colspan="4">
            <div class="log">[gw3] win32 -- Python 3.11.4 C:\Users\HP\AppData\Local\Programs\Python\Python311\python.exe<br/>[gw3] win32 -- Python 3.11.4 C:\Users\HP\AppData\Local\Programs\Python\Python311\python.exe[gw3] win32 -- Python 3.11.4 C:\Users\HP\AppData\Local\Programs\Python\Python311\python.exe[gw3] win32 -- Python 3.11.4 C:\Users\HP\AppData\Local\Programs\Python\Python311\python.exe<br/> -----------------------------Captured stdout setup------------------------------ <br/>Test Run - Headless
<br/> ------------------------------Captured stdout call------------------------------ <br/>User login test case is failed
User login test case is failed
User login test case is failed
User login test case is failed
<br/> -------------------------------Captured log call-------------------------------- <br/>INFO     Test_OrangeHRM_Login_params:test_OrangeHRM_Login_params.py:18 test_OrangeHRM_Login_params_003 is started
INFO     Test_OrangeHRM_Login_params:test_OrangeHRM_Login_params.py:20 Opening the browser
INFO     Test_OrangeHRM_Login_params:test_OrangeHRM_Login_params.py:25 Entering Username--&gt;Admin1
INFO     Test_OrangeHRM_Login_params:test_OrangeHRM_Login_params.py:28 Entering Password--&gt;admin1231
INFO     Test_OrangeHRM_Login_params:test_OrangeHRM_Login_params.py:31 Clicking on login button
INFO     Test_OrangeHRM_Login_params:test_OrangeHRM_Login_params.py:33 Verifying the login status
INFO     Test_OrangeHRM_Login_params:test_OrangeHRM_Login_params.py:59 test_OrangeHRM_Login_params_003 is passed
INFO     Test_OrangeHRM_Login_params:test_OrangeHRM_Login_params.py:60 Taking a screenshot
INFO     Test_OrangeHRM_Login_params:test_OrangeHRM_Login_params.py:63 Closing the browser
INFO     Test_OrangeHRM_Login_params:test_OrangeHRM_Login_params.py:65 test_OrangeHRM_Login_params_003 is completed<br/> -----------------------------Captured log teardown------------------------------ <br/>WARNING  urllib3.connectionpool:connectionpool.py:871 Retrying (Retry(total=2, connect=None, read=None, redirect=None, status=None)) after connection broken by &#x27;NewConnectionError(&#x27;&lt;urllib3.connection.HTTPConnection object at 0x0000018E1B69E550&gt;: Failed to establish a new connection: [WinError 10061] No connection could be made because the target machine actively refused it&#x27;)&#x27;: /session/c81e40c98d12d65179133a87fc6099a3
WARNING  urllib3.connectionpool:connectionpool.py:871 Retrying (Retry(total=1, connect=None, read=None, redirect=None, status=None)) after connection broken by &#x27;NewConnectionError(&#x27;&lt;urllib3.connection.HTTPConnection object at 0x0000018E1B6B0410&gt;: Failed to establish a new connection: [WinError 10061] No connection could be made because the target machine actively refused it&#x27;)&#x27;: /session/c81e40c98d12d65179133a87fc6099a3
WARNING  urllib3.connectionpool:connectionpool.py:871 Retrying (Retry(total=0, connect=None, read=None, redirect=None, status=None)) after connection broken by &#x27;NewConnectionError(&#x27;&lt;urllib3.connection.HTTPConnection object at 0x0000018E1B6B0C90&gt;: Failed to establish a new connection: [WinError 10061] No connection could be made because the target machine actively refused it&#x27;)&#x27;: /session/c81e40c98d12d65179133a87fc6099a3<br/></div></td></tr></tbody>
      <tbody class="passed results-table-row">
        <tr>
          <td class="col-result">Passed</td>
          <td class="col-name">testCases/test_OrangeHRM_Login_params.py::Test_OrangeHRM_Login_params::test_OrangeHRM_Login_params_003[getDataForLogin1]</td>
          <td class="col-duration">34.37</td>
          <td class="col-links"></td></tr>
        <tr>
          <td class="extra" colspan="4">
            <div class="log">[gw2] win32 -- Python 3.11.4 C:\Users\HP\AppData\Local\Programs\Python\Python311\python.exe<br/>[gw2] win32 -- Python 3.11.4 C:\Users\HP\AppData\Local\Programs\Python\Python311\python.exe[gw2] win32 -- Python 3.11.4 C:\Users\HP\AppData\Local\Programs\Python\Python311\python.exe[gw2] win32 -- Python 3.11.4 C:\Users\HP\AppData\Local\Programs\Python\Python311\python.exe<br/> -----------------------------Captured stdout setup------------------------------ <br/>Test Run - Headless
<br/> ------------------------------Captured stdout call------------------------------ <br/>User login test case is failed
User login test case is failed
User login test case is failed
User login test case is failed
<br/> -------------------------------Captured log call-------------------------------- <br/>INFO     Test_OrangeHRM_Login_params:test_OrangeHRM_Login_params.py:18 test_OrangeHRM_Login_params_003 is started
INFO     Test_OrangeHRM_Login_params:test_OrangeHRM_Login_params.py:20 Opening the browser
INFO     Test_OrangeHRM_Login_params:test_OrangeHRM_Login_params.py:25 Entering Username--&gt;Admin1
INFO     Test_OrangeHRM_Login_params:test_OrangeHRM_Login_params.py:28 Entering Password--&gt;admin123
INFO     Test_OrangeHRM_Login_params:test_OrangeHRM_Login_params.py:31 Clicking on login button
INFO     Test_OrangeHRM_Login_params:test_OrangeHRM_Login_params.py:33 Verifying the login status
INFO     Test_OrangeHRM_Login_params:test_OrangeHRM_Login_params.py:59 test_OrangeHRM_Login_params_003 is passed
INFO     Test_OrangeHRM_Login_params:test_OrangeHRM_Login_params.py:60 Taking a screenshot
INFO     Test_OrangeHRM_Login_params:test_OrangeHRM_Login_params.py:63 Closing the browser
INFO     Test_OrangeHRM_Login_params:test_OrangeHRM_Login_params.py:65 test_OrangeHRM_Login_params_003 is completed<br/> -----------------------------Captured log teardown------------------------------ <br/>WARNING  urllib3.connectionpool:connectionpool.py:871 Retrying (Retry(total=2, connect=None, read=None, redirect=None, status=None)) after connection broken by &#x27;NewConnectionError(&#x27;&lt;urllib3.connection.HTTPConnection object at 0x000001FB4DE4FC90&gt;: Failed to establish a new connection: [WinError 10061] No connection could be made because the target machine actively refused it&#x27;)&#x27;: /session/600b753930279b5cfe6eede0b475b35e
WARNING  urllib3.connectionpool:connectionpool.py:871 Retrying (Retry(total=1, connect=None, read=None, redirect=None, status=None)) after connection broken by &#x27;NewConnectionError(&#x27;&lt;urllib3.connection.HTTPConnection object at 0x000001FB4DE4D590&gt;: Failed to establish a new connection: [WinError 10061] No connection could be made because the target machine actively refused it&#x27;)&#x27;: /session/600b753930279b5cfe6eede0b475b35e
WARNING  urllib3.connectionpool:connectionpool.py:871 Retrying (Retry(total=0, connect=None, read=None, redirect=None, status=None)) after connection broken by &#x27;NewConnectionError(&#x27;&lt;urllib3.connection.HTTPConnection object at 0x000001FB4DE60750&gt;: Failed to establish a new connection: [WinError 10061] No connection could be made because the target machine actively refused it&#x27;)&#x27;: /session/600b753930279b5cfe6eede0b475b35e<br/></div></td></tr></tbody></table></body></html>